app/build/intermediates/manifest_merge_blame_file/debug/manifest-merger-blame-debug-report.txt
1<?xml version="1.0" encoding="utf-8"?>
2<manifest xmlns:android="http://schemas.android.com/apk/res/android"
3    package="com.cayn.caynapp"
4    android:versionCode="1"
5    android:versionName="1.0" >
6
7    <uses-sdk
8        android:minSdkVersion="19"
8-->src/main/AndroidManifest.xml
9        android:targetSdkVersion="32" />
9-->src/main/AndroidManifest.xml
10
11    <uses-permission android:name="android.permission.ACCESS_COARSE_LOCATION" />
11-->src/main/AndroidManifest.xml:5:5-81
11-->src/main/AndroidManifest.xml:5:22-78
12    <uses-permission android:name="android.permission.ACCESS_FINE_LOCATION" />
12-->src/main/AndroidManifest.xml:6:5-79
12-->src/main/AndroidManifest.xml:6:22-76
13    <uses-permission android:name="android.permission.INTERNET" />
13-->src/main/AndroidManifest.xml:7:5-67
13-->src/main/AndroidManifest.xml:7:22-64
14    <uses-permission android:name="android.permission.ACCESS_NETWORK_STATE" />
14-->src/main/AndroidManifest.xml:8:5-79
14-->src/main/AndroidManifest.xml:8:22-76
15    <uses-permission android:name="com.google.android.providers.gsf.permission.READ.GSERVICES" />
15-->src/main/AndroidManifest.xml:9:5-98
15-->src/main/AndroidManifest.xml:9:22-95
16    <uses-permission android:name="android.permission.WRITE_EXTERNAL_STORAGE" />
16-->src/main/AndroidManifest.xml:10:5-81
16-->src/main/AndroidManifest.xml:10:22-78
17
18    <uses-feature android:name="android.hardware.location.gps" />
18-->src/main/AndroidManifest.xml:12:5-66
18-->src/main/AndroidManifest.xml:12:19-63
19
20    <uses-permission android:name="android.permission.ACCESS_WIFI_STATE" />
20-->[com.google.android.libraries.places:places:2.6.0] AndroidManifest.xml:10:5-76
20-->[com.google.android.libraries.places:places:2.6.0] AndroidManifest.xml:10:22-73
21
22    <uses-feature
22-->[com.google.android.gms:play-services-maps:18.0.2] AndroidManifest.xml:26:5-28:35
23        android:glEsVersion="0x00020000"
23-->[com.google.android.gms:play-services-maps:18.0.2] AndroidManifest.xml:27:9-41
24        android:required="true" />
24-->[com.google.android.gms:play-services-maps:18.0.2] AndroidManifest.xml:28:9-32
25
26    <queries>
26-->[com.google.android.gms:play-services-maps:18.0.2] AndroidManifest.xml:30:5-34:15
27
28        <!-- Needs to be explicitly declared on Android R+ -->
29        <package android:name="com.google.android.apps.maps" />
29-->[com.google.android.gms:play-services-maps:18.0.2] AndroidManifest.xml:33:9-64
29-->[com.google.android.gms:play-services-maps:18.0.2] AndroidManifest.xml:33:18-61
30    </queries>
31
32    <uses-permission android:name="android.permission.WAKE_LOCK" />
32-->[com.google.android.gms:play-services-measurement-api:20.1.2] AndroidManifest.xml:24:5-68
32-->[com.google.android.gms:play-services-measurement-api:20.1.2] AndroidManifest.xml:24:22-65
33    <uses-permission android:name="com.google.android.gms.permission.AD_ID" />
33-->[com.google.android.gms:play-services-measurement-api:20.1.2] AndroidManifest.xml:25:5-79
33-->[com.google.android.gms:play-services-measurement-api:20.1.2] AndroidManifest.xml:25:22-76
34    <uses-permission android:name="com.google.android.finsky.permission.BIND_GET_INSTALL_REFERRER_SERVICE" />
34-->[com.google.android.gms:play-services-measurement:20.1.2] AndroidManifest.xml:26:5-110
34-->[com.google.android.gms:play-services-measurement:20.1.2] AndroidManifest.xml:26:22-107
35
36    <application
36-->src/main/AndroidManifest.xml:14:5-95:19
37        android:allowBackup="true"
37-->src/main/AndroidManifest.xml:15:9-35
38        android:appComponentFactory="androidx.core.app.CoreComponentFactory"
38-->[androidx.core:core:1.7.0] AndroidManifest.xml:24:18-86
39        android:debuggable="true"
40        android:icon="@mipmap/ic_launcher"
40-->src/main/AndroidManifest.xml:16:9-43
41        android:label="@string/app_name"
41-->src/main/AndroidManifest.xml:17:9-41
42        android:roundIcon="@mipmap/ic_launcher_round"
42-->src/main/AndroidManifest.xml:18:9-54
43        android:supportsRtl="true"
43-->src/main/AndroidManifest.xml:19:9-35
44        android:testOnly="true"
45        android:theme="@style/Theme.AppCompat.Light" >
45-->src/main/AndroidManifest.xml:20:9-53
46        <activity
46-->src/main/AndroidManifest.xml:21:9-24:72
47            android:name="com.cayn.caynapp.InfoActivity"
47-->src/main/AndroidManifest.xml:22:13-41
48            android:exported="false"
48-->src/main/AndroidManifest.xml:23:13-37
49            android:theme="@style/Theme.AppCompat.Light.NoActionBar" />
49-->src/main/AndroidManifest.xml:24:13-69
50        <activity
50-->src/main/AndroidManifest.xml:25:9-28:72
51            android:name="com.cayn.caynapp.CreateAlertActivit"
51-->src/main/AndroidManifest.xml:26:13-47
52            android:exported="false"
52-->src/main/AndroidManifest.xml:27:13-37
53            android:theme="@style/Theme.AppCompat.Light.NoActionBar" />
53-->src/main/AndroidManifest.xml:28:13-69
54        <activity
54-->src/main/AndroidManifest.xml:29:9-32:72
55            android:name="com.cayn.caynapp.AlertsActivity"
55-->src/main/AndroidManifest.xml:30:13-43
56            android:exported="false"
56-->src/main/AndroidManifest.xml:31:13-37
57            android:theme="@style/Theme.AppCompat.Light.NoActionBar" />
57-->src/main/AndroidManifest.xml:32:13-69
58        <activity
58-->src/main/AndroidManifest.xml:33:9-36:72
59            android:name="com.cayn.caynapp.CreateEventActivity"
59-->src/main/AndroidManifest.xml:34:13-48
60            android:exported="false"
60-->src/main/AndroidManifest.xml:35:13-37
61            android:theme="@style/Theme.AppCompat.Light.NoActionBar" />
61-->src/main/AndroidManifest.xml:36:13-69
62        <activity
62-->src/main/AndroidManifest.xml:37:9-40:72
63            android:name="com.cayn.caynapp.DetailEventActivity"
63-->src/main/AndroidManifest.xml:38:13-48
64            android:exported="false"
64-->src/main/AndroidManifest.xml:39:13-37
65            android:theme="@style/Theme.AppCompat.Light.NoActionBar" />
65-->src/main/AndroidManifest.xml:40:13-69
66
67        <meta-data
68            android:name="com.google.android.geo.API_KEY"
68-->src/main/AndroidManifest.xml:43:13-58
69            android:value="AIzaSyBfdP0_IRpAgq_7r5qLV0hJ3kw-usxKgTw" />
69-->src/main/AndroidManifest.xml:44:13-44
70        <meta-data
70-->src/main/AndroidManifest.xml:45:9-47:69
71            android:name="com.google.android.gms.version"
71-->src/main/AndroidManifest.xml:46:13-58
72            android:value="@integer/google_play_services_version" />
72-->src/main/AndroidManifest.xml:47:13-66
73
74        <activity
74-->src/main/AndroidManifest.xml:49:9-52:72
75            android:name="com.cayn.caynapp.EventActivity"
75-->src/main/AndroidManifest.xml:50:13-42
76            android:exported="false"
76-->src/main/AndroidManifest.xml:51:13-37
77            android:theme="@style/Theme.AppCompat.Light.NoActionBar" />
77-->src/main/AndroidManifest.xml:52:13-69
78        <activity
78-->src/main/AndroidManifest.xml:53:9-56:72
79            android:name="com.cayn.caynapp.ProfileActivity"
79-->src/main/AndroidManifest.xml:54:13-44
80            android:exported="false"
80-->src/main/AndroidManifest.xml:55:13-37
81            android:theme="@style/Theme.AppCompat.Light.NoActionBar" />
81-->src/main/AndroidManifest.xml:56:13-69
82        <activity
82-->src/main/AndroidManifest.xml:57:9-60:72
83            android:name="com.cayn.caynapp.EditRoute"
83-->src/main/AndroidManifest.xml:58:13-38
84            android:exported="false"
84-->src/main/AndroidManifest.xml:59:13-37
85            android:theme="@style/Theme.AppCompat.Light.NoActionBar" />
85-->src/main/AndroidManifest.xml:60:13-69
86        <activity
86-->src/main/AndroidManifest.xml:61:9-64:72
87            android:name="com.cayn.caynapp.RoutesActivity"
87-->src/main/AndroidManifest.xml:62:13-43
88            android:exported="false"
88-->src/main/AndroidManifest.xml:63:13-37
89            android:theme="@style/Theme.AppCompat.Light.NoActionBar" />
89-->src/main/AndroidManifest.xml:64:13-69
90        <activity
90-->src/main/AndroidManifest.xml:65:9-68:72
91            android:name="com.cayn.caynapp.NotificationActivity"
91-->src/main/AndroidManifest.xml:66:13-49
92            android:exported="false"
92-->src/main/AndroidManifest.xml:67:13-37
93            android:theme="@style/Theme.AppCompat.Light.NoActionBar" />
93-->src/main/AndroidManifest.xml:68:13-69
94        <activity
94-->src/main/AndroidManifest.xml:69:9-72:72
95            android:name="com.cayn.caynapp.HomeActivity"
95-->src/main/AndroidManifest.xml:70:13-41
96            android:exported="false"
96-->src/main/AndroidManifest.xml:71:13-37
97            android:theme="@style/Theme.AppCompat.Light.NoActionBar" />
97-->src/main/AndroidManifest.xml:72:13-69
98        <activity
98-->src/main/AndroidManifest.xml:73:9-76:72
99            android:name="com.cayn.caynapp.TutorialActivity"
99-->src/main/AndroidManifest.xml:74:13-45
100            android:exported="false"
100-->src/main/AndroidManifest.xml:75:13-37
101            android:theme="@style/Theme.AppCompat.Light.NoActionBar" />
101-->src/main/AndroidManifest.xml:76:13-69
102        <activity
102-->src/main/AndroidManifest.xml:77:9-80:72
103            android:name="com.cayn.caynapp.RegisterActivity"
103-->src/main/AndroidManifest.xml:78:13-45
104            android:exported="false"
104-->src/main/AndroidManifest.xml:79:13-37
105            android:theme="@style/Theme.AppCompat.Light.NoActionBar" />
105-->src/main/AndroidManifest.xml:80:13-69
106        <activity
106-->src/main/AndroidManifest.xml:81:9-84:72
107            android:name="com.cayn.caynapp.LoginActivity"
107-->src/main/AndroidManifest.xml:82:13-42
108            android:exported="false"
108-->src/main/AndroidManifest.xml:83:13-37
109            android:theme="@style/Theme.AppCompat.Light.NoActionBar" />
109-->src/main/AndroidManifest.xml:84:13-69
110        <activity
110-->src/main/AndroidManifest.xml:85:9-94:20
111            android:name="com.cayn.caynapp.SplashActivity"
111-->src/main/AndroidManifest.xml:86:13-43
112            android:exported="true"
112-->src/main/AndroidManifest.xml:87:13-36
113            android:theme="@style/Theme.AppCompat.Light.NoActionBar" >
113-->src/main/AndroidManifest.xml:88:13-69
114            <intent-filter>
114-->src/main/AndroidManifest.xml:89:13-93:29
115                <action android:name="android.intent.action.MAIN" />
115-->src/main/AndroidManifest.xml:90:17-69
115-->src/main/AndroidManifest.xml:90:25-66
116
117                <category android:name="android.intent.category.LAUNCHER" />
117-->src/main/AndroidManifest.xml:92:17-77
117-->src/main/AndroidManifest.xml:92:27-74
118            </intent-filter>
119        </activity>
120        <activity
120-->[com.google.android.libraries.places:places:2.6.0] AndroidManifest.xml:14:9-20:20
121            android:name="com.google.android.libraries.places.widget.AutocompleteActivity"
121-->[com.google.android.libraries.places:places:2.6.0] AndroidManifest.xml:15:13-91
122            android:exported="false"
122-->[com.google.android.libraries.places:places:2.6.0] AndroidManifest.xml:16:13-37
123            android:label="@string/places_autocomplete_label"
123-->[com.google.android.libraries.places:places:2.6.0] AndroidManifest.xml:17:13-62
124            android:theme="@style/PlacesAutocompleteOverlay"
124-->[com.google.android.libraries.places:places:2.6.0] AndroidManifest.xml:18:13-61
125            android:windowSoftInputMode="adjustResize" >
125-->[com.google.android.libraries.places:places:2.6.0] AndroidManifest.xml:19:13-55
126        </activity>
127
128        <service
128-->[com.google.firebase:firebase-firestore:24.1.1] AndroidManifest.xml:17:9-23:19
129            android:name="com.google.firebase.components.ComponentDiscoveryService"
129-->[com.google.firebase:firebase-firestore:24.1.1] AndroidManifest.xml:18:13-84
130            android:directBootAware="true"
130-->[com.google.firebase:firebase-common:20.1.0] AndroidManifest.xml:35:13-43
131            android:exported="false" >
131-->[com.google.firebase:firebase-firestore:24.1.1] AndroidManifest.xml:19:13-37
132            <meta-data
132-->[com.google.firebase:firebase-firestore:24.1.1] AndroidManifest.xml:20:13-22:85
133                android:name="com.google.firebase.components:com.google.firebase.firestore.FirestoreRegistrar"
133-->[com.google.firebase:firebase-firestore:24.1.1] AndroidManifest.xml:21:17-111
134                android:value="com.google.firebase.components.ComponentRegistrar" />
134-->[com.google.firebase:firebase-firestore:24.1.1] AndroidManifest.xml:22:17-82
135            <meta-data
135-->[com.google.firebase:firebase-auth:21.0.3] AndroidManifest.xml:67:13-69:85
136                android:name="com.google.firebase.components:com.google.firebase.auth.FirebaseAuthRegistrar"
136-->[com.google.firebase:firebase-auth:21.0.3] AndroidManifest.xml:68:17-109
137                android:value="com.google.firebase.components.ComponentRegistrar" />
137-->[com.google.firebase:firebase-auth:21.0.3] AndroidManifest.xml:69:17-82
138            <meta-data
138-->[com.google.android.gms:play-services-measurement-api:20.1.2] AndroidManifest.xml:31:13-33:85
139                android:name="com.google.firebase.components:com.google.firebase.analytics.connector.internal.AnalyticsConnectorRegistrar"
139-->[com.google.android.gms:play-services-measurement-api:20.1.2] AndroidManifest.xml:32:17-139
140                android:value="com.google.firebase.components.ComponentRegistrar" />
140-->[com.google.android.gms:play-services-measurement-api:20.1.2] AndroidManifest.xml:33:17-82
141            <meta-data
141-->[com.google.firebase:firebase-installations:17.0.1] AndroidManifest.xml:18:13-20:85
142                android:name="com.google.firebase.components:com.google.firebase.installations.FirebaseInstallationsRegistrar"
142-->[com.google.firebase:firebase-installations:17.0.1] AndroidManifest.xml:19:17-127
143                android:value="com.google.firebase.components.ComponentRegistrar" />
143-->[com.google.firebase:firebase-installations:17.0.1] AndroidManifest.xml:20:17-82
144        </service>
145
146        <activity
146-->[com.google.firebase:firebase-auth:21.0.3] AndroidManifest.xml:27:9-44:20
147            android:name="com.google.firebase.auth.internal.GenericIdpActivity"
147-->[com.google.firebase:firebase-auth:21.0.3] AndroidManifest.xml:28:13-80
148            android:excludeFromRecents="true"
148-->[com.google.firebase:firebase-auth:21.0.3] AndroidManifest.xml:29:13-46
149            android:exported="true"
149-->[com.google.firebase:firebase-auth:21.0.3] AndroidManifest.xml:30:13-36
150            android:launchMode="singleTask"
150-->[com.google.firebase:firebase-auth:21.0.3] AndroidManifest.xml:31:13-44
151            android:theme="@android:style/Theme.Translucent.NoTitleBar" >
151-->[com.google.firebase:firebase-auth:21.0.3] AndroidManifest.xml:32:13-72
152            <intent-filter>
152-->[com.google.firebase:firebase-auth:21.0.3] AndroidManifest.xml:33:13-43:29
153                <action android:name="android.intent.action.VIEW" />
153-->[com.google.firebase:firebase-auth:21.0.3] AndroidManifest.xml:34:17-69
153-->[com.google.firebase:firebase-auth:21.0.3] AndroidManifest.xml:34:25-66
154
155                <category android:name="android.intent.category.DEFAULT" />
155-->[com.google.firebase:firebase-auth:21.0.3] AndroidManifest.xml:36:17-76
155-->[com.google.firebase:firebase-auth:21.0.3] AndroidManifest.xml:36:27-73
156                <category android:name="android.intent.category.BROWSABLE" />
156-->[com.google.firebase:firebase-auth:21.0.3] AndroidManifest.xml:37:17-78
156-->[com.google.firebase:firebase-auth:21.0.3] AndroidManifest.xml:37:27-75
157
158                <data
158-->[com.google.firebase:firebase-auth:21.0.3] AndroidManifest.xml:39:17-42:51
159                    android:host="firebase.auth"
159-->[com.google.firebase:firebase-auth:21.0.3] AndroidManifest.xml:40:21-49
160                    android:path="/"
160-->[com.google.firebase:firebase-auth:21.0.3] AndroidManifest.xml:41:21-37
161                    android:scheme="genericidp" />
161-->[com.google.firebase:firebase-auth:21.0.3] AndroidManifest.xml:42:21-48
162            </intent-filter>
163        </activity>
164        <activity
164-->[com.google.firebase:firebase-auth:21.0.3] AndroidManifest.xml:45:9-62:20
165            android:name="com.google.firebase.auth.internal.RecaptchaActivity"
165-->[com.google.firebase:firebase-auth:21.0.3] AndroidManifest.xml:46:13-79
166            android:excludeFromRecents="true"
166-->[com.google.firebase:firebase-auth:21.0.3] AndroidManifest.xml:47:13-46
167            android:exported="true"
167-->[com.google.firebase:firebase-auth:21.0.3] AndroidManifest.xml:48:13-36
168            android:launchMode="singleTask"
168-->[com.google.firebase:firebase-auth:21.0.3] AndroidManifest.xml:49:13-44
169            android:theme="@android:style/Theme.Translucent.NoTitleBar" >
169-->[com.google.firebase:firebase-auth:21.0.3] AndroidManifest.xml:50:13-72
170            <intent-filter>
170-->[com.google.firebase:firebase-auth:21.0.3] AndroidManifest.xml:51:13-61:29
171                <action android:name="android.intent.action.VIEW" />
171-->[com.google.firebase:firebase-auth:21.0.3] AndroidManifest.xml:34:17-69
171-->[com.google.firebase:firebase-auth:21.0.3] AndroidManifest.xml:34:25-66
172
173                <category android:name="android.intent.category.DEFAULT" />
173-->[com.google.firebase:firebase-auth:21.0.3] AndroidManifest.xml:36:17-76
173-->[com.google.firebase:firebase-auth:21.0.3] AndroidManifest.xml:36:27-73
174                <category android:name="android.intent.category.BROWSABLE" />
174-->[com.google.firebase:firebase-auth:21.0.3] AndroidManifest.xml:37:17-78
174-->[com.google.firebase:firebase-auth:21.0.3] AndroidManifest.xml:37:27-75
175
176                <data
176-->[com.google.firebase:firebase-auth:21.0.3] AndroidManifest.xml:39:17-42:51
177                    android:host="firebase.auth"
177-->[com.google.firebase:firebase-auth:21.0.3] AndroidManifest.xml:40:21-49
178                    android:path="/"
178-->[com.google.firebase:firebase-auth:21.0.3] AndroidManifest.xml:41:21-37
179                    android:scheme="recaptcha" />
179-->[com.google.firebase:firebase-auth:21.0.3] AndroidManifest.xml:42:21-48
180            </intent-filter>
181        </activity> <!-- Needs to be explicitly declared on P+ -->
182        <uses-library
182-->[com.google.android.gms:play-services-maps:18.0.2] AndroidManifest.xml:39:9-41:40
183            android:name="org.apache.http.legacy"
183-->[com.google.android.gms:play-services-maps:18.0.2] AndroidManifest.xml:40:13-50
184            android:required="false" />
184-->[com.google.android.gms:play-services-maps:18.0.2] AndroidManifest.xml:41:13-37
185
186        <provider
186-->[com.google.firebase:firebase-common:20.1.0] AndroidManifest.xml:26:9-31:39
187            android:name="com.google.firebase.provider.FirebaseInitProvider"
187-->[com.google.firebase:firebase-common:20.1.0] AndroidManifest.xml:27:13-77
188            android:authorities="com.cayn.caynapp.firebaseinitprovider"
188-->[com.google.firebase:firebase-common:20.1.0] AndroidManifest.xml:28:13-72
189            android:directBootAware="true"
189-->[com.google.firebase:firebase-common:20.1.0] AndroidManifest.xml:29:13-43
190            android:exported="false"
190-->[com.google.firebase:firebase-common:20.1.0] AndroidManifest.xml:30:13-37
191            android:initOrder="100" />
191-->[com.google.firebase:firebase-common:20.1.0] AndroidManifest.xml:31:13-36
192
193        <activity
193-->[com.google.android.gms:play-services-base:18.0.1] AndroidManifest.xml:20:9-22:45
194            android:name="com.google.android.gms.common.api.GoogleApiActivity"
194-->[com.google.android.gms:play-services-base:18.0.1] AndroidManifest.xml:20:19-85
195            android:exported="false"
195-->[com.google.android.gms:play-services-base:18.0.1] AndroidManifest.xml:22:19-43
196            android:theme="@android:style/Theme.Translucent.NoTitleBar" />
196-->[com.google.android.gms:play-services-base:18.0.1] AndroidManifest.xml:21:19-78
197
198        <receiver
198-->[com.google.android.gms:play-services-measurement:20.1.2] AndroidManifest.xml:29:9-33:20
199            android:name="com.google.android.gms.measurement.AppMeasurementReceiver"
199-->[com.google.android.gms:play-services-measurement:20.1.2] AndroidManifest.xml:30:13-85
200            android:enabled="true"
200-->[com.google.android.gms:play-services-measurement:20.1.2] AndroidManifest.xml:31:13-35
201            android:exported="false" >
201-->[com.google.android.gms:play-services-measurement:20.1.2] AndroidManifest.xml:32:13-37
202        </receiver>
203
204        <service
204-->[com.google.android.gms:play-services-measurement:20.1.2] AndroidManifest.xml:35:9-38:40
205            android:name="com.google.android.gms.measurement.AppMeasurementService"
205-->[com.google.android.gms:play-services-measurement:20.1.2] AndroidManifest.xml:36:13-84
206            android:enabled="true"
206-->[com.google.android.gms:play-services-measurement:20.1.2] AndroidManifest.xml:37:13-35
207            android:exported="false" />
207-->[com.google.android.gms:play-services-measurement:20.1.2] AndroidManifest.xml:38:13-37
208        <service
208-->[com.google.android.gms:play-services-measurement:20.1.2] AndroidManifest.xml:39:9-43:72
209            android:name="com.google.android.gms.measurement.AppMeasurementJobService"
209-->[com.google.android.gms:play-services-measurement:20.1.2] AndroidManifest.xml:40:13-87
210            android:enabled="true"
210-->[com.google.android.gms:play-services-measurement:20.1.2] AndroidManifest.xml:41:13-35
211            android:exported="false"
211-->[com.google.android.gms:play-services-measurement:20.1.2] AndroidManifest.xml:42:13-37
212            android:permission="android.permission.BIND_JOB_SERVICE" />
212-->[com.google.android.gms:play-services-measurement:20.1.2] AndroidManifest.xml:43:13-69
213
214        <provider
214-->[androidx.emoji2:emoji2:1.0.0] AndroidManifest.xml:26:9-34:20
215            android:name="androidx.startup.InitializationProvider"
215-->[androidx.emoji2:emoji2:1.0.0] AndroidManifest.xml:27:13-67
216            android:authorities="com.cayn.caynapp.androidx-startup"
216-->[androidx.emoji2:emoji2:1.0.0] AndroidManifest.xml:28:13-68
217            android:exported="false" >
217-->[androidx.emoji2:emoji2:1.0.0] AndroidManifest.xml:29:13-37
218            <meta-data
218-->[androidx.emoji2:emoji2:1.0.0] AndroidManifest.xml:31:13-33:52
219                android:name="androidx.emoji2.text.EmojiCompatInitializer"
219-->[androidx.emoji2:emoji2:1.0.0] AndroidManifest.xml:32:17-75
220                android:value="androidx.startup" />
220-->[androidx.emoji2:emoji2:1.0.0] AndroidManifest.xml:33:17-49
221            <meta-data
221-->[androidx.lifecycle:lifecycle-process:2.4.0] AndroidManifest.xml:31:13-33:52
222                android:name="androidx.lifecycle.ProcessLifecycleInitializer"
222-->[androidx.lifecycle:lifecycle-process:2.4.0] AndroidManifest.xml:32:17-78
223                android:value="androidx.startup" />
223-->[androidx.lifecycle:lifecycle-process:2.4.0] AndroidManifest.xml:33:17-49
224        </provider>
225
226        <uses-library
226-->[androidx.window:window:1.0.0] AndroidManifest.xml:25:9-27:40
227            android:name="androidx.window.extensions"
227-->[androidx.window:window:1.0.0] AndroidManifest.xml:26:13-54
228            android:required="false" />
228-->[androidx.window:window:1.0.0] AndroidManifest.xml:27:13-37
229        <uses-library
229-->[androidx.window:window:1.0.0] AndroidManifest.xml:28:9-30:40
230            android:name="androidx.window.sidecar"
230-->[androidx.window:window:1.0.0] AndroidManifest.xml:29:13-51
231            android:required="false" />
231-->[androidx.window:window:1.0.0] AndroidManifest.xml:30:13-37
232
233        <service
233-->[com.google.android.datatransport:transport-backend-cct:2.3.0] AndroidManifest.xml:29:9-35:19
234            android:name="com.google.android.datatransport.runtime.backends.TransportBackendDiscovery"
234-->[com.google.android.datatransport:transport-backend-cct:2.3.0] AndroidManifest.xml:30:13-103
235            android:exported="false" >
235-->[com.google.android.datatransport:transport-backend-cct:2.3.0] AndroidManifest.xml:31:13-37
236            <meta-data
236-->[com.google.android.datatransport:transport-backend-cct:2.3.0] AndroidManifest.xml:32:13-34:39
237                android:name="backend:com.google.android.datatransport.cct.CctBackendFactory"
237-->[com.google.android.datatransport:transport-backend-cct:2.3.0] AndroidManifest.xml:33:17-94
238                android:value="cct" />
238-->[com.google.android.datatransport:transport-backend-cct:2.3.0] AndroidManifest.xml:34:17-36
239        </service>
240        <service
240-->[com.google.android.datatransport:transport-runtime:2.2.3] AndroidManifest.xml:26:9-30:19
241            android:name="com.google.android.datatransport.runtime.scheduling.jobscheduling.JobInfoSchedulerService"
241-->[com.google.android.datatransport:transport-runtime:2.2.3] AndroidManifest.xml:27:13-117
242            android:exported="false"
242-->[com.google.android.datatransport:transport-runtime:2.2.3] AndroidManifest.xml:28:13-37
243            android:permission="android.permission.BIND_JOB_SERVICE" >
243-->[com.google.android.datatransport:transport-runtime:2.2.3] AndroidManifest.xml:29:13-69
244        </service>
245
246        <receiver
246-->[com.google.android.datatransport:transport-runtime:2.2.3] AndroidManifest.xml:32:9-34:40
247            android:name="com.google.android.datatransport.runtime.scheduling.jobscheduling.AlarmManagerSchedulerBroadcastReceiver"
247-->[com.google.android.datatransport:transport-runtime:2.2.3] AndroidManifest.xml:33:13-132
248            android:exported="false" />
248-->[com.google.android.datatransport:transport-runtime:2.2.3] AndroidManifest.xml:34:13-37
249    </application>
250
251</manifest>